11:55:03.626 [main] INFO  c.w.uniqueApp.JournalApplication - Starting JournalApplication using Java 22.0.2 with PID 9104 (D:\JavaProjects\Spring\uniqueApp\target\classes started by Admin in D:\JavaProjects\Spring\uniqueApp)
11:55:03.631 [main] INFO  c.w.uniqueApp.JournalApplication - The following 1 profile is active: "dev"
11:55:05.052 [main] INFO  o.s.d.r.c.RepositoryConfigurationDelegate - Bootstrapping Spring Data MongoDB repositories in DEFAULT mode.
11:55:05.131 [main] INFO  o.s.d.r.c.RepositoryConfigurationDelegate - Finished Spring Data repository scanning in 70 ms. Found 2 MongoDB repository interfaces.
11:55:05.753 [main] INFO  o.s.b.w.e.tomcat.TomcatWebServer - Tomcat initialized with port 8080 (http)
11:55:05.770 [main] INFO  o.a.coyote.http11.Http11NioProtocol - Initializing ProtocolHandler ["http-nio-8080"]
11:55:05.773 [main] INFO  o.a.catalina.core.StandardService - Starting service [Tomcat]
11:55:05.773 [main] INFO  o.a.catalina.core.StandardEngine - Starting Servlet engine: [Apache Tomcat/10.1.42]
11:55:05.835 [main] INFO  o.a.c.c.C.[Tomcat].[localhost].[/] - Initializing Spring embedded WebApplicationContext
11:55:05.836 [main] INFO  o.s.b.w.s.c.ServletWebServerApplicationContext - Root WebApplicationContext: initialization completed in 2117 ms
11:55:06.186 [cluster-ClusterId{value='68cf9a42ae3ebbfe8395a9fc', description='Cluster0'}-srv-cluster0.wwn8ujw.mongodb.net] INFO  org.mongodb.driver.cluster - Adding discovered server ac-rutjswb-shard-00-02.wwn8ujw.mongodb.net:27017 to client view of cluster
11:55:06.231 [main] INFO  org.mongodb.driver.client - MongoClient with metadata {"application": {"name": "Cluster0"}, "driver": {"name": "mongo-java-driver|sync|spring-boot", "version": "5.5.1"}, "os": {"type": "Windows", "name": "Windows 11", "architecture": "amd64", "version": "10.0"}, "platform": "Java/Oracle Corporation/22.0.2+9-70"} created with settings MongoClientSettings{readPreference=primary, writeConcern=WriteConcern{w=majority, wTimeout=null ms, journal=null}, retryWrites=true, retryReads=true, readConcern=ReadConcern{level=null}, credential=MongoCredential{mechanism=null, userName='udaykumarkella67', source='admin', password=<hidden>, mechanismProperties=<hidden>}, transportSettings=null, commandListeners=[], codecRegistry=ProvidersCodecRegistry{codecProviders=[ValueCodecProvider{}, BsonValueCodecProvider{}, DBRefCodecProvider{}, DBObjectCodecProvider{}, DocumentCodecProvider{}, CollectionCodecProvider{}, IterableCodecProvider{}, MapCodecProvider{}, GeoJsonCodecProvider{}, GridFSFileCodecProvider{}, Jsr310CodecProvider{}, JsonObjectCodecProvider{}, BsonCodecProvider{}, EnumCodecProvider{}, com.mongodb.client.model.mql.ExpressionCodecProvider@38fb50f8, com.mongodb.Jep395RecordCodecProvider@7ab802f4, com.mongodb.KotlinCodecProvider@608cd501]}, loggerSettings=LoggerSettings{maxDocumentLength=1000}, clusterSettings={hosts=[127.0.0.1:27017], srvHost=cluster0.wwn8ujw.mongodb.net, srvServiceName=mongodb, mode=MULTIPLE, requiredClusterType=REPLICA_SET, requiredReplicaSetName='atlas-oar7g5-shard-0', serverSelector='null', clusterListeners='[]', serverSelectionTimeout='30000 ms', localThreshold='15 ms'}, socketSettings=SocketSettings{connectTimeoutMS=10000, readTimeoutMS=0, receiveBufferSize=0, proxySettings=ProxySettings{host=null, port=null, username=null, password=null}}, heartbeatSocketSettings=SocketSettings{connectTimeoutMS=10000, readTimeoutMS=10000, receiveBufferSize=0, proxySettings=ProxySettings{host=null, port=null, username=null, password=null}}, connectionPoolSettings=ConnectionPoolSettings{maxSize=100, minSize=0, maxWaitTimeMS=120000, maxConnectionLifeTimeMS=0, maxConnectionIdleTimeMS=0, maintenanceInitialDelayMS=0, maintenanceFrequencyMS=60000, connectionPoolListeners=[], maxConnecting=2}, serverSettings=ServerSettings{heartbeatFrequencyMS=10000, minHeartbeatFrequencyMS=500, serverMonitoringMode=AUTO, serverListeners='[]', serverMonitorListeners='[]'}, sslSettings=SslSettings{enabled=true, invalidHostNameAllowed=false, context=null}, applicationName='Cluster0', compressorList=[], uuidRepresentation=JAVA_LEGACY, serverApi=null, autoEncryptionSettings=null, dnsClient=null, inetAddressResolver=null, contextProvider=null, timeoutMS=null}
11:55:06.245 [cluster-ClusterId{value='68cf9a42ae3ebbfe8395a9fc', description='Cluster0'}-srv-cluster0.wwn8ujw.mongodb.net] INFO  org.mongodb.driver.cluster - Adding discovered server ac-rutjswb-shard-00-01.wwn8ujw.mongodb.net:27017 to client view of cluster
11:55:06.250 [cluster-ClusterId{value='68cf9a42ae3ebbfe8395a9fc', description='Cluster0'}-srv-cluster0.wwn8ujw.mongodb.net] INFO  org.mongodb.driver.cluster - Adding discovered server ac-rutjswb-shard-00-00.wwn8ujw.mongodb.net:27017 to client view of cluster
11:55:06.658 [main] INFO  org.mongodb.driver.cluster - Waiting for server to become available for operation with ID 5. Remaining time: 29991 ms. Selector: WritableServerSelector, topology description: {type=REPLICA_SET, servers=[{address=ac-rutjswb-shard-00-00.wwn8ujw.mongodb.net:27017, type=UNKNOWN, state=CONNECTING}, {address=ac-rutjswb-shard-00-01.wwn8ujw.mongodb.net:27017, type=UNKNOWN, state=CONNECTING}, {address=ac-rutjswb-shard-00-02.wwn8ujw.mongodb.net:27017, type=UNKNOWN, state=CONNECTING}].
11:55:07.022 [cluster-ClusterId{value='68cf9a42ae3ebbfe8395a9fc', description='Cluster0'}-ac-rutjswb-shard-00-00.wwn8ujw.mongodb.net:27017] INFO  org.mongodb.driver.cluster - Monitor thread successfully connected to server with description ServerDescription{address=ac-rutjswb-shard-00-00.wwn8ujw.mongodb.net:27017, type=REPLICA_SET_SECONDARY, cryptd=false, state=CONNECTED, ok=true, minWireVersion=0, maxWireVersion=25, maxDocumentSize=16777216, logicalSessionTimeoutMinutes=30, roundTripTimeNanos=390945200, minRoundTripTimeNanos=0, setName='atlas-oar7g5-shard-0', canonicalAddress=ac-rutjswb-shard-00-00.wwn8ujw.mongodb.net:27017, hosts=[ac-rutjswb-shard-00-00.wwn8ujw.mongodb.net:27017, ac-rutjswb-shard-00-01.wwn8ujw.mongodb.net:27017, ac-rutjswb-shard-00-02.wwn8ujw.mongodb.net:27017], passives=[], arbiters=[], primary='ac-rutjswb-shard-00-01.wwn8ujw.mongodb.net:27017', tagSet=TagSet{[Tag{name='availabilityZone', value='aps1-az1'}, Tag{name='diskState', value='READY'}, Tag{name='nodeType', value='ELECTABLE'}, Tag{name='provider', value='AWS'}, Tag{name='region', value='AP_SOUTH_1'}, Tag{name='workloadType', value='OPERATIONAL'}]}, electionId=null, setVersion=268, topologyVersion=TopologyVersion{processId=68ccf63596d4f8b8c053ec7d, counter=5}, lastWriteDate=Sun Sep 21 11:55:06 IST 2025, lastUpdateTimeNanos=338100433667700}
11:55:07.022 [cluster-ClusterId{value='68cf9a42ae3ebbfe8395a9fc', description='Cluster0'}-ac-rutjswb-shard-00-01.wwn8ujw.mongodb.net:27017] INFO  org.mongodb.driver.cluster - Monitor thread successfully connected to server with description ServerDescription{address=ac-rutjswb-shard-00-01.wwn8ujw.mongodb.net:27017, type=REPLICA_SET_PRIMARY, cryptd=false, state=CONNECTED, ok=true, minWireVersion=0, maxWireVersion=25, maxDocumentSize=16777216, logicalSessionTimeoutMinutes=30, roundTripTimeNanos=390945400, minRoundTripTimeNanos=0, setName='atlas-oar7g5-shard-0', canonicalAddress=ac-rutjswb-shard-00-01.wwn8ujw.mongodb.net:27017, hosts=[ac-rutjswb-shard-00-00.wwn8ujw.mongodb.net:27017, ac-rutjswb-shard-00-01.wwn8ujw.mongodb.net:27017, ac-rutjswb-shard-00-02.wwn8ujw.mongodb.net:27017], passives=[], arbiters=[], primary='ac-rutjswb-shard-00-01.wwn8ujw.mongodb.net:27017', tagSet=TagSet{[Tag{name='availabilityZone', value='aps1-az3'}, Tag{name='diskState', value='READY'}, Tag{name='nodeType', value='ELECTABLE'}, Tag{name='provider', value='AWS'}, Tag{name='region', value='AP_SOUTH_1'}, Tag{name='workloadType', value='OPERATIONAL'}]}, electionId=7fffffff00000000000000fa, setVersion=268, topologyVersion=TopologyVersion{processId=68ccf523720c593e8e5b24bb, counter=9}, lastWriteDate=Sun Sep 21 11:55:06 IST 2025, lastUpdateTimeNanos=338100433667700}
11:55:07.022 [cluster-ClusterId{value='68cf9a42ae3ebbfe8395a9fc', description='Cluster0'}-ac-rutjswb-shard-00-02.wwn8ujw.mongodb.net:27017] INFO  org.mongodb.driver.cluster - Monitor thread successfully connected to server with description ServerDescription{address=ac-rutjswb-shard-00-02.wwn8ujw.mongodb.net:27017, type=REPLICA_SET_SECONDARY, cryptd=false, state=CONNECTED, ok=true, minWireVersion=0, maxWireVersion=25, maxDocumentSize=16777216, logicalSessionTimeoutMinutes=30, roundTripTimeNanos=390769200, minRoundTripTimeNanos=0, setName='atlas-oar7g5-shard-0', canonicalAddress=ac-rutjswb-shard-00-02.wwn8ujw.mongodb.net:27017, hosts=[ac-rutjswb-shard-00-00.wwn8ujw.mongodb.net:27017, ac-rutjswb-shard-00-01.wwn8ujw.mongodb.net:27017, ac-rutjswb-shard-00-02.wwn8ujw.mongodb.net:27017], passives=[], arbiters=[], primary='ac-rutjswb-shard-00-01.wwn8ujw.mongodb.net:27017', tagSet=TagSet{[Tag{name='availabilityZone', value='aps1-az2'}, Tag{name='diskState', value='READY'}, Tag{name='nodeType', value='ELECTABLE'}, Tag{name='provider', value='AWS'}, Tag{name='region', value='AP_SOUTH_1'}, Tag{name='workloadType', value='OPERATIONAL'}]}, electionId=null, setVersion=268, topologyVersion=TopologyVersion{processId=68ccf7b783ae840f183804bd, counter=5}, lastWriteDate=Sun Sep 21 11:55:06 IST 2025, lastUpdateTimeNanos=338100433667700}
11:55:07.028 [cluster-ClusterId{value='68cf9a42ae3ebbfe8395a9fc', description='Cluster0'}-ac-rutjswb-shard-00-01.wwn8ujw.mongodb.net:27017] INFO  org.mongodb.driver.cluster - Discovered replica set primary ac-rutjswb-shard-00-01.wwn8ujw.mongodb.net:27017 with max election id 7fffffff00000000000000fa and max set version 268
11:55:07.890 [main] INFO  o.s.s.c.a.a.c.InitializeUserDetailsBeanManagerConfigurer$InitializeUserDetailsManagerConfigurer - Global AuthenticationManager configured with UserDetailsService bean with name userDetailsServiceImpl
11:55:08.268 [main] INFO  o.a.coyote.http11.Http11NioProtocol - Starting ProtocolHandler ["http-nio-8080"]
11:55:08.291 [main] INFO  o.s.b.w.e.tomcat.TomcatWebServer - Tomcat started on port 8080 (http) with context path '/'
11:55:08.300 [main] INFO  c.w.uniqueApp.JournalApplication - Started JournalApplication in 5.226 seconds (process running for 5.739)
12:07:41.616 [cluster-ClusterId{value='68cf9a42ae3ebbfe8395a9fc', description='Cluster0'}-ac-rutjswb-shard-00-01.wwn8ujw.mongodb.net:27017] INFO  org.mongodb.driver.cluster - Exception in monitor thread while connecting to server ac-rutjswb-shard-00-01.wwn8ujw.mongodb.net:27017
com.mongodb.MongoSocketReadTimeoutException: Timeout while receiving message
	at com.mongodb.internal.connection.InternalStreamConnection.createReadTimeoutException(InternalStreamConnection.java:819)
	at com.mongodb.internal.connection.InternalStreamConnection.translateReadException(InternalStreamConnection.java:807)
	at com.mongodb.internal.connection.InternalStreamConnection.receiveResponseBuffers(InternalStreamConnection.java:857)
	at com.mongodb.internal.connection.InternalStreamConnection.receiveCommandMessageResponse(InternalStreamConnection.java:517)
	at com.mongodb.internal.connection.InternalStreamConnection.receive(InternalStreamConnection.java:469)
	at com.mongodb.internal.connection.DefaultServerMonitor$ServerMonitor.lookupServerDescription(DefaultServerMonitor.java:249)
	at com.mongodb.internal.connection.DefaultServerMonitor$ServerMonitor.run(DefaultServerMonitor.java:176)
Caused by: java.net.SocketTimeoutException: Read timed out
	at java.base/sun.nio.ch.NioSocketImpl.timedRead(NioSocketImpl.java:278)
	at java.base/sun.nio.ch.NioSocketImpl.implRead(NioSocketImpl.java:304)
	at java.base/sun.nio.ch.NioSocketImpl.read(NioSocketImpl.java:346)
	at java.base/sun.nio.ch.NioSocketImpl$1.read(NioSocketImpl.java:796)
	at java.base/java.net.Socket$SocketInputStream.implRead(Socket.java:1108)
	at java.base/java.net.Socket$SocketInputStream.read(Socket.java:1095)
	at java.base/sun.security.ssl.SSLSocketInputRecord.read(SSLSocketInputRecord.java:489)
	at java.base/sun.security.ssl.SSLSocketInputRecord.readHeader(SSLSocketInputRecord.java:483)
	at java.base/sun.security.ssl.SSLSocketInputRecord.bytesInCompletePacket(SSLSocketInputRecord.java:70)
	at java.base/sun.security.ssl.SSLSocketImpl.readApplicationRecord(SSLSocketImpl.java:1462)
	at java.base/sun.security.ssl.SSLSocketImpl$AppInputStream.read(SSLSocketImpl.java:1068)
	at com.mongodb.internal.connection.SocketStream.read(SocketStream.java:182)
	at com.mongodb.internal.connection.InternalStreamConnection.receiveResponseBuffers(InternalStreamConnection.java:824)
	... 4 common frames omitted
12:07:41.614 [cluster-ClusterId{value='68cf9a42ae3ebbfe8395a9fc', description='Cluster0'}-ac-rutjswb-shard-00-00.wwn8ujw.mongodb.net:27017] INFO  org.mongodb.driver.cluster - Exception in monitor thread while connecting to server ac-rutjswb-shard-00-00.wwn8ujw.mongodb.net:27017
com.mongodb.MongoSocketReadTimeoutException: Timeout while receiving message
	at com.mongodb.internal.connection.InternalStreamConnection.createReadTimeoutException(InternalStreamConnection.java:819)
	at com.mongodb.internal.connection.InternalStreamConnection.translateReadException(InternalStreamConnection.java:807)
	at com.mongodb.internal.connection.InternalStreamConnection.receiveResponseBuffers(InternalStreamConnection.java:857)
	at com.mongodb.internal.connection.InternalStreamConnection.receiveCommandMessageResponse(InternalStreamConnection.java:517)
	at com.mongodb.internal.connection.InternalStreamConnection.receive(InternalStreamConnection.java:469)
	at com.mongodb.internal.connection.DefaultServerMonitor$ServerMonitor.lookupServerDescription(DefaultServerMonitor.java:249)
	at com.mongodb.internal.connection.DefaultServerMonitor$ServerMonitor.run(DefaultServerMonitor.java:176)
Caused by: java.net.SocketTimeoutException: Read timed out
	at java.base/sun.nio.ch.NioSocketImpl.timedRead(NioSocketImpl.java:278)
	at java.base/sun.nio.ch.NioSocketImpl.implRead(NioSocketImpl.java:304)
	at java.base/sun.nio.ch.NioSocketImpl.read(NioSocketImpl.java:346)
	at java.base/sun.nio.ch.NioSocketImpl$1.read(NioSocketImpl.java:796)
	at java.base/java.net.Socket$SocketInputStream.implRead(Socket.java:1108)
	at java.base/java.net.Socket$SocketInputStream.read(Socket.java:1095)
	at java.base/sun.security.ssl.SSLSocketInputRecord.read(SSLSocketInputRecord.java:489)
	at java.base/sun.security.ssl.SSLSocketInputRecord.readHeader(SSLSocketInputRecord.java:483)
	at java.base/sun.security.ssl.SSLSocketInputRecord.bytesInCompletePacket(SSLSocketInputRecord.java:70)
	at java.base/sun.security.ssl.SSLSocketImpl.readApplicationRecord(SSLSocketImpl.java:1462)
	at java.base/sun.security.ssl.SSLSocketImpl$AppInputStream.read(SSLSocketImpl.java:1068)
	at com.mongodb.internal.connection.SocketStream.read(SocketStream.java:182)
	at com.mongodb.internal.connection.InternalStreamConnection.receiveResponseBuffers(InternalStreamConnection.java:824)
	... 4 common frames omitted
12:07:41.842 [cluster-ClusterId{value='68cf9a42ae3ebbfe8395a9fc', description='Cluster0'}-ac-rutjswb-shard-00-00.wwn8ujw.mongodb.net:27017] INFO  org.mongodb.driver.cluster - Monitor thread successfully connected to server with description ServerDescription{address=ac-rutjswb-shard-00-00.wwn8ujw.mongodb.net:27017, type=REPLICA_SET_SECONDARY, cryptd=false, state=CONNECTED, ok=true, minWireVersion=0, maxWireVersion=25, maxDocumentSize=16777216, logicalSessionTimeoutMinutes=30, roundTripTimeNanos=65692100, minRoundTripTimeNanos=0, setName='atlas-oar7g5-shard-0', canonicalAddress=ac-rutjswb-shard-00-00.wwn8ujw.mongodb.net:27017, hosts=[ac-rutjswb-shard-00-00.wwn8ujw.mongodb.net:27017, ac-rutjswb-shard-00-01.wwn8ujw.mongodb.net:27017, ac-rutjswb-shard-00-02.wwn8ujw.mongodb.net:27017], passives=[], arbiters=[], primary='ac-rutjswb-shard-00-01.wwn8ujw.mongodb.net:27017', tagSet=TagSet{[Tag{name='availabilityZone', value='aps1-az1'}, Tag{name='diskState', value='READY'}, Tag{name='nodeType', value='ELECTABLE'}, Tag{name='provider', value='AWS'}, Tag{name='region', value='AP_SOUTH_1'}, Tag{name='workloadType', value='OPERATIONAL'}]}, electionId=null, setVersion=268, topologyVersion=TopologyVersion{processId=68ccf63596d4f8b8c053ec7d, counter=5}, lastWriteDate=Sun Sep 21 12:07:41 IST 2025, lastUpdateTimeNanos=338855258468700}
12:07:41.842 [cluster-ClusterId{value='68cf9a42ae3ebbfe8395a9fc', description='Cluster0'}-ac-rutjswb-shard-00-01.wwn8ujw.mongodb.net:27017] INFO  org.mongodb.driver.cluster - Monitor thread successfully connected to server with description ServerDescription{address=ac-rutjswb-shard-00-01.wwn8ujw.mongodb.net:27017, type=REPLICA_SET_PRIMARY, cryptd=false, state=CONNECTED, ok=true, minWireVersion=0, maxWireVersion=25, maxDocumentSize=16777216, logicalSessionTimeoutMinutes=30, roundTripTimeNanos=65346100, minRoundTripTimeNanos=0, setName='atlas-oar7g5-shard-0', canonicalAddress=ac-rutjswb-shard-00-01.wwn8ujw.mongodb.net:27017, hosts=[ac-rutjswb-shard-00-00.wwn8ujw.mongodb.net:27017, ac-rutjswb-shard-00-01.wwn8ujw.mongodb.net:27017, ac-rutjswb-shard-00-02.wwn8ujw.mongodb.net:27017], passives=[], arbiters=[], primary='ac-rutjswb-shard-00-01.wwn8ujw.mongodb.net:27017', tagSet=TagSet{[Tag{name='availabilityZone', value='aps1-az3'}, Tag{name='diskState', value='READY'}, Tag{name='nodeType', value='ELECTABLE'}, Tag{name='provider', value='AWS'}, Tag{name='region', value='AP_SOUTH_1'}, Tag{name='workloadType', value='OPERATIONAL'}]}, electionId=7fffffff00000000000000fa, setVersion=268, topologyVersion=TopologyVersion{processId=68ccf523720c593e8e5b24bb, counter=9}, lastWriteDate=Sun Sep 21 12:07:41 IST 2025, lastUpdateTimeNanos=338855258124600}
12:07:41.864 [cluster-ClusterId{value='68cf9a42ae3ebbfe8395a9fc', description='Cluster0'}-ac-rutjswb-shard-00-01.wwn8ujw.mongodb.net:27017] INFO  org.mongodb.driver.cluster - Discovered replica set primary ac-rutjswb-shard-00-01.wwn8ujw.mongodb.net:27017 with max election id 7fffffff00000000000000fa and max set version 268
12:08:00.016 [cluster-ClusterId{value='68cf9a42ae3ebbfe8395a9fc', description='Cluster0'}-ac-rutjswb-shard-00-02.wwn8ujw.mongodb.net:27017] INFO  org.mongodb.driver.cluster - Exception in monitor thread while connecting to server ac-rutjswb-shard-00-02.wwn8ujw.mongodb.net:27017
com.mongodb.MongoSocketReadTimeoutException: Timeout while receiving message
	at com.mongodb.internal.connection.InternalStreamConnection.createReadTimeoutException(InternalStreamConnection.java:819)
	at com.mongodb.internal.connection.InternalStreamConnection.translateReadException(InternalStreamConnection.java:807)
	at com.mongodb.internal.connection.InternalStreamConnection.receiveResponseBuffers(InternalStreamConnection.java:857)
	at com.mongodb.internal.connection.InternalStreamConnection.receiveCommandMessageResponse(InternalStreamConnection.java:517)
	at com.mongodb.internal.connection.InternalStreamConnection.receive(InternalStreamConnection.java:469)
	at com.mongodb.internal.connection.DefaultServerMonitor$ServerMonitor.lookupServerDescription(DefaultServerMonitor.java:249)
	at com.mongodb.internal.connection.DefaultServerMonitor$ServerMonitor.run(DefaultServerMonitor.java:176)
Caused by: java.net.SocketTimeoutException: Read timed out
	at java.base/sun.nio.ch.NioSocketImpl.timedRead(NioSocketImpl.java:278)
	at java.base/sun.nio.ch.NioSocketImpl.implRead(NioSocketImpl.java:304)
	at java.base/sun.nio.ch.NioSocketImpl.read(NioSocketImpl.java:346)
	at java.base/sun.nio.ch.NioSocketImpl$1.read(NioSocketImpl.java:796)
	at java.base/java.net.Socket$SocketInputStream.implRead(Socket.java:1108)
	at java.base/java.net.Socket$SocketInputStream.read(Socket.java:1095)
	at java.base/sun.security.ssl.SSLSocketInputRecord.read(SSLSocketInputRecord.java:489)
	at java.base/sun.security.ssl.SSLSocketInputRecord.readHeader(SSLSocketInputRecord.java:483)
	at java.base/sun.security.ssl.SSLSocketInputRecord.bytesInCompletePacket(SSLSocketInputRecord.java:70)
	at java.base/sun.security.ssl.SSLSocketImpl.readApplicationRecord(SSLSocketImpl.java:1462)
	at java.base/sun.security.ssl.SSLSocketImpl$AppInputStream.read(SSLSocketImpl.java:1068)
	at com.mongodb.internal.connection.SocketStream.read(SocketStream.java:182)
	at com.mongodb.internal.connection.InternalStreamConnection.receiveResponseBuffers(InternalStreamConnection.java:824)
	... 4 common frames omitted
12:08:00.192 [cluster-ClusterId{value='68cf9a42ae3ebbfe8395a9fc', description='Cluster0'}-ac-rutjswb-shard-00-02.wwn8ujw.mongodb.net:27017] INFO  org.mongodb.driver.cluster - Monitor thread successfully connected to server with description ServerDescription{address=ac-rutjswb-shard-00-02.wwn8ujw.mongodb.net:27017, type=REPLICA_SET_SECONDARY, cryptd=false, state=CONNECTED, ok=true, minWireVersion=0, maxWireVersion=25, maxDocumentSize=16777216, logicalSessionTimeoutMinutes=30, roundTripTimeNanos=65386800, minRoundTripTimeNanos=0, setName='atlas-oar7g5-shard-0', canonicalAddress=ac-rutjswb-shard-00-02.wwn8ujw.mongodb.net:27017, hosts=[ac-rutjswb-shard-00-00.wwn8ujw.mongodb.net:27017, ac-rutjswb-shard-00-01.wwn8ujw.mongodb.net:27017, ac-rutjswb-shard-00-02.wwn8ujw.mongodb.net:27017], passives=[], arbiters=[], primary='ac-rutjswb-shard-00-01.wwn8ujw.mongodb.net:27017', tagSet=TagSet{[Tag{name='availabilityZone', value='aps1-az2'}, Tag{name='diskState', value='READY'}, Tag{name='nodeType', value='ELECTABLE'}, Tag{name='provider', value='AWS'}, Tag{name='region', value='AP_SOUTH_1'}, Tag{name='workloadType', value='OPERATIONAL'}]}, electionId=null, setVersion=268, topologyVersion=TopologyVersion{processId=68ccf7b783ae840f183804bd, counter=5}, lastWriteDate=Sun Sep 21 12:07:59 IST 2025, lastUpdateTimeNanos=338873609399300}
12:10:58.038 [SpringApplicationShutdownHook] INFO  o.s.b.w.e.tomcat.GracefulShutdown - Commencing graceful shutdown. Waiting for active requests to complete
12:10:58.053 [tomcat-shutdown] INFO  o.s.b.w.e.tomcat.GracefulShutdown - Graceful shutdown complete
12:11:04.573 [main] INFO  c.w.uniqueApp.JournalApplication - Starting JournalApplication using Java 22.0.2 with PID 9708 (D:\JavaProjects\Spring\uniqueApp\target\classes started by Admin in D:\JavaProjects\Spring\uniqueApp)
12:11:04.576 [main] INFO  c.w.uniqueApp.JournalApplication - The following 1 profile is active: "dev"
12:11:05.597 [main] INFO  o.s.d.r.c.RepositoryConfigurationDelegate - Bootstrapping Spring Data MongoDB repositories in DEFAULT mode.
12:11:05.666 [main] INFO  o.s.d.r.c.RepositoryConfigurationDelegate - Finished Spring Data repository scanning in 59 ms. Found 2 MongoDB repository interfaces.
12:11:06.229 [main] INFO  o.s.b.w.e.tomcat.TomcatWebServer - Tomcat initialized with port 8080 (http)
12:11:06.242 [main] INFO  o.a.coyote.http11.Http11NioProtocol - Initializing ProtocolHandler ["http-nio-8080"]
12:11:06.245 [main] INFO  o.a.catalina.core.StandardService - Starting service [Tomcat]
12:11:06.245 [main] INFO  o.a.catalina.core.StandardEngine - Starting Servlet engine: [Apache Tomcat/10.1.42]
12:11:06.297 [main] INFO  o.a.c.c.C.[Tomcat].[localhost].[/] - Initializing Spring embedded WebApplicationContext
12:11:06.299 [main] INFO  o.s.b.w.s.c.ServletWebServerApplicationContext - Root WebApplicationContext: initialization completed in 1655 ms
12:11:07.696 [main] INFO  org.mongodb.driver.client - MongoClient with metadata {"application": {"name": "Cluster0"}, "driver": {"name": "mongo-java-driver|sync|spring-boot", "version": "5.5.1"}, "os": {"type": "Windows", "name": "Windows 11", "architecture": "amd64", "version": "10.0"}, "platform": "Java/Oracle Corporation/22.0.2+9-70"} created with settings MongoClientSettings{readPreference=primary, writeConcern=WriteConcern{w=majority, wTimeout=null ms, journal=null}, retryWrites=true, retryReads=true, readConcern=ReadConcern{level=null}, credential=MongoCredential{mechanism=null, userName='udaykumarkella67', source='admin', password=<hidden>, mechanismProperties=<hidden>}, transportSettings=null, commandListeners=[], codecRegistry=ProvidersCodecRegistry{codecProviders=[ValueCodecProvider{}, BsonValueCodecProvider{}, DBRefCodecProvider{}, DBObjectCodecProvider{}, DocumentCodecProvider{}, CollectionCodecProvider{}, IterableCodecProvider{}, MapCodecProvider{}, GeoJsonCodecProvider{}, GridFSFileCodecProvider{}, Jsr310CodecProvider{}, JsonObjectCodecProvider{}, BsonCodecProvider{}, EnumCodecProvider{}, com.mongodb.client.model.mql.ExpressionCodecProvider@631c6d11, com.mongodb.Jep395RecordCodecProvider@65be88ae, com.mongodb.KotlinCodecProvider@62ade015]}, loggerSettings=LoggerSettings{maxDocumentLength=1000}, clusterSettings={hosts=[127.0.0.1:27017], srvHost=cluster0.wwn8ujw.mongodb.net, srvServiceName=mongodb, mode=MULTIPLE, requiredClusterType=REPLICA_SET, requiredReplicaSetName='atlas-oar7g5-shard-0', serverSelector='null', clusterListeners='[]', serverSelectionTimeout='30000 ms', localThreshold='15 ms'}, socketSettings=SocketSettings{connectTimeoutMS=10000, readTimeoutMS=0, receiveBufferSize=0, proxySettings=ProxySettings{host=null, port=null, username=null, password=null}}, heartbeatSocketSettings=SocketSettings{connectTimeoutMS=10000, readTimeoutMS=10000, receiveBufferSize=0, proxySettings=ProxySettings{host=null, port=null, username=null, password=null}}, connectionPoolSettings=ConnectionPoolSettings{maxSize=100, minSize=0, maxWaitTimeMS=120000, maxConnectionLifeTimeMS=0, maxConnectionIdleTimeMS=0, maintenanceInitialDelayMS=0, maintenanceFrequencyMS=60000, connectionPoolListeners=[], maxConnecting=2}, serverSettings=ServerSettings{heartbeatFrequencyMS=10000, minHeartbeatFrequencyMS=500, serverMonitoringMode=AUTO, serverListeners='[]', serverMonitorListeners='[]'}, sslSettings=SslSettings{enabled=true, invalidHostNameAllowed=false, context=null}, applicationName='Cluster0', compressorList=[], uuidRepresentation=JAVA_LEGACY, serverApi=null, autoEncryptionSettings=null, dnsClient=null, inetAddressResolver=null, contextProvider=null, timeoutMS=null}
12:11:07.760 [cluster-ClusterId{value='68cf9e03ab28c052acbadeec', description='Cluster0'}-srv-cluster0.wwn8ujw.mongodb.net] INFO  org.mongodb.driver.cluster - Adding discovered server ac-rutjswb-shard-00-02.wwn8ujw.mongodb.net:27017 to client view of cluster
12:11:07.794 [cluster-ClusterId{value='68cf9e03ab28c052acbadeec', description='Cluster0'}-srv-cluster0.wwn8ujw.mongodb.net] INFO  org.mongodb.driver.cluster - Adding discovered server ac-rutjswb-shard-00-00.wwn8ujw.mongodb.net:27017 to client view of cluster
12:11:07.798 [cluster-ClusterId{value='68cf9e03ab28c052acbadeec', description='Cluster0'}-srv-cluster0.wwn8ujw.mongodb.net] INFO  org.mongodb.driver.cluster - Adding discovered server ac-rutjswb-shard-00-01.wwn8ujw.mongodb.net:27017 to client view of cluster
12:11:08.060 [main] INFO  org.mongodb.driver.cluster - Waiting for server to become available for operation with ID 5. Remaining time: 29991 ms. Selector: WritableServerSelector, topology description: {type=REPLICA_SET, servers=[{address=ac-rutjswb-shard-00-00.wwn8ujw.mongodb.net:27017, type=UNKNOWN, state=CONNECTING}, {address=ac-rutjswb-shard-00-01.wwn8ujw.mongodb.net:27017, type=UNKNOWN, state=CONNECTING}, {address=ac-rutjswb-shard-00-02.wwn8ujw.mongodb.net:27017, type=UNKNOWN, state=CONNECTING}].
12:11:08.440 [cluster-ClusterId{value='68cf9e03ab28c052acbadeec', description='Cluster0'}-ac-rutjswb-shard-00-01.wwn8ujw.mongodb.net:27017] INFO  org.mongodb.driver.cluster - Monitor thread successfully connected to server with description ServerDescription{address=ac-rutjswb-shard-00-01.wwn8ujw.mongodb.net:27017, type=REPLICA_SET_PRIMARY, cryptd=false, state=CONNECTED, ok=true, minWireVersion=0, maxWireVersion=25, maxDocumentSize=16777216, logicalSessionTimeoutMinutes=30, roundTripTimeNanos=340555100, minRoundTripTimeNanos=0, setName='atlas-oar7g5-shard-0', canonicalAddress=ac-rutjswb-shard-00-01.wwn8ujw.mongodb.net:27017, hosts=[ac-rutjswb-shard-00-00.wwn8ujw.mongodb.net:27017, ac-rutjswb-shard-00-01.wwn8ujw.mongodb.net:27017, ac-rutjswb-shard-00-02.wwn8ujw.mongodb.net:27017], passives=[], arbiters=[], primary='ac-rutjswb-shard-00-01.wwn8ujw.mongodb.net:27017', tagSet=TagSet{[Tag{name='availabilityZone', value='aps1-az3'}, Tag{name='diskState', value='READY'}, Tag{name='nodeType', value='ELECTABLE'}, Tag{name='provider', value='AWS'}, Tag{name='region', value='AP_SOUTH_1'}, Tag{name='workloadType', value='OPERATIONAL'}]}, electionId=7fffffff00000000000000fa, setVersion=268, topologyVersion=TopologyVersion{processId=68ccf523720c593e8e5b24bb, counter=9}, lastWriteDate=Sun Sep 21 12:11:07 IST 2025, lastUpdateTimeNanos=339061848498600}
12:11:08.440 [cluster-ClusterId{value='68cf9e03ab28c052acbadeec', description='Cluster0'}-ac-rutjswb-shard-00-02.wwn8ujw.mongodb.net:27017] INFO  org.mongodb.driver.cluster - Monitor thread successfully connected to server with description ServerDescription{address=ac-rutjswb-shard-00-02.wwn8ujw.mongodb.net:27017, type=REPLICA_SET_SECONDARY, cryptd=false, state=CONNECTED, ok=true, minWireVersion=0, maxWireVersion=25, maxDocumentSize=16777216, logicalSessionTimeoutMinutes=30, roundTripTimeNanos=340555000, minRoundTripTimeNanos=0, setName='atlas-oar7g5-shard-0', canonicalAddress=ac-rutjswb-shard-00-02.wwn8ujw.mongodb.net:27017, hosts=[ac-rutjswb-shard-00-00.wwn8ujw.mongodb.net:27017, ac-rutjswb-shard-00-01.wwn8ujw.mongodb.net:27017, ac-rutjswb-shard-00-02.wwn8ujw.mongodb.net:27017], passives=[], arbiters=[], primary='ac-rutjswb-shard-00-01.wwn8ujw.mongodb.net:27017', tagSet=TagSet{[Tag{name='availabilityZone', value='aps1-az2'}, Tag{name='diskState', value='READY'}, Tag{name='nodeType', value='ELECTABLE'}, Tag{name='provider', value='AWS'}, Tag{name='region', value='AP_SOUTH_1'}, Tag{name='workloadType', value='OPERATIONAL'}]}, electionId=null, setVersion=268, topologyVersion=TopologyVersion{processId=68ccf7b783ae840f183804bd, counter=5}, lastWriteDate=Sun Sep 21 12:11:07 IST 2025, lastUpdateTimeNanos=339061848498600}
12:11:08.440 [cluster-ClusterId{value='68cf9e03ab28c052acbadeec', description='Cluster0'}-ac-rutjswb-shard-00-00.wwn8ujw.mongodb.net:27017] INFO  org.mongodb.driver.cluster - Monitor thread successfully connected to server with description ServerDescription{address=ac-rutjswb-shard-00-00.wwn8ujw.mongodb.net:27017, type=REPLICA_SET_SECONDARY, cryptd=false, state=CONNECTED, ok=true, minWireVersion=0, maxWireVersion=25, maxDocumentSize=16777216, logicalSessionTimeoutMinutes=30, roundTripTimeNanos=340550200, minRoundTripTimeNanos=0, setName='atlas-oar7g5-shard-0', canonicalAddress=ac-rutjswb-shard-00-00.wwn8ujw.mongodb.net:27017, hosts=[ac-rutjswb-shard-00-00.wwn8ujw.mongodb.net:27017, ac-rutjswb-shard-00-01.wwn8ujw.mongodb.net:27017, ac-rutjswb-shard-00-02.wwn8ujw.mongodb.net:27017], passives=[], arbiters=[], primary='ac-rutjswb-shard-00-01.wwn8ujw.mongodb.net:27017', tagSet=TagSet{[Tag{name='availabilityZone', value='aps1-az1'}, Tag{name='diskState', value='READY'}, Tag{name='nodeType', value='ELECTABLE'}, Tag{name='provider', value='AWS'}, Tag{name='region', value='AP_SOUTH_1'}, Tag{name='workloadType', value='OPERATIONAL'}]}, electionId=null, setVersion=268, topologyVersion=TopologyVersion{processId=68ccf63596d4f8b8c053ec7d, counter=5}, lastWriteDate=Sun Sep 21 12:11:07 IST 2025, lastUpdateTimeNanos=339061848498600}
12:11:08.450 [cluster-ClusterId{value='68cf9e03ab28c052acbadeec', description='Cluster0'}-ac-rutjswb-shard-00-01.wwn8ujw.mongodb.net:27017] INFO  org.mongodb.driver.cluster - Discovered replica set primary ac-rutjswb-shard-00-01.wwn8ujw.mongodb.net:27017 with max election id 7fffffff00000000000000fa and max set version 268
12:11:09.199 [main] INFO  o.s.s.c.a.a.c.InitializeUserDetailsBeanManagerConfigurer$InitializeUserDetailsManagerConfigurer - Global AuthenticationManager configured with UserDetailsService bean with name userDetailsServiceImpl
12:11:09.511 [main] INFO  o.a.coyote.http11.Http11NioProtocol - Starting ProtocolHandler ["http-nio-8080"]
12:11:09.526 [main] INFO  o.s.b.w.e.tomcat.TomcatWebServer - Tomcat started on port 8080 (http) with context path '/'
12:11:09.534 [main] INFO  c.w.uniqueApp.JournalApplication - Started JournalApplication in 5.521 seconds (process running for 8.81)
12:11:20.642 [SpringApplicationShutdownHook] INFO  o.s.b.w.e.tomcat.GracefulShutdown - Commencing graceful shutdown. Waiting for active requests to complete
12:11:20.646 [tomcat-shutdown] INFO  o.s.b.w.e.tomcat.GracefulShutdown - Graceful shutdown complete
12:28:17.321 [main] INFO  c.w.uniqueApp.JournalApplication - Starting JournalApplication using Java 22.0.2 with PID 13516 (D:\JavaProjects\Spring\uniqueApp\target\classes started by Admin in D:\JavaProjects\Spring\uniqueApp)
12:28:17.343 [main] INFO  c.w.uniqueApp.JournalApplication - The following 1 profile is active: "dev"
12:28:18.239 [main] INFO  o.s.d.r.c.RepositoryConfigurationDelegate - Bootstrapping Spring Data MongoDB repositories in DEFAULT mode.
12:28:18.303 [main] INFO  o.s.d.r.c.RepositoryConfigurationDelegate - Finished Spring Data repository scanning in 53 ms. Found 2 MongoDB repository interfaces.
12:28:18.870 [main] INFO  o.s.b.w.e.tomcat.TomcatWebServer - Tomcat initialized with port 8080 (http)
12:28:18.883 [main] INFO  o.a.coyote.http11.Http11NioProtocol - Initializing ProtocolHandler ["http-nio-8080"]
12:28:18.886 [main] INFO  o.a.catalina.core.StandardService - Starting service [Tomcat]
12:28:18.886 [main] INFO  o.a.catalina.core.StandardEngine - Starting Servlet engine: [Apache Tomcat/10.1.42]
12:28:18.936 [main] INFO  o.a.c.c.C.[Tomcat].[localhost].[/] - Initializing Spring embedded WebApplicationContext
12:28:18.938 [main] INFO  o.s.b.w.s.c.ServletWebServerApplicationContext - Root WebApplicationContext: initialization completed in 1522 ms
12:28:19.301 [cluster-ClusterId{value='68cfa20b2f3cb96d974e4901', description='Cluster0'}-srv-cluster0.wwn8ujw.mongodb.net] INFO  org.mongodb.driver.cluster - Adding discovered server ac-rutjswb-shard-00-02.wwn8ujw.mongodb.net:27017 to client view of cluster
12:28:19.319 [main] INFO  org.mongodb.driver.client - MongoClient with metadata {"application": {"name": "Cluster0"}, "driver": {"name": "mongo-java-driver|sync|spring-boot", "version": "5.5.1"}, "os": {"type": "Windows", "name": "Windows 11", "architecture": "amd64", "version": "10.0"}, "platform": "Java/Oracle Corporation/22.0.2+9-70"} created with settings MongoClientSettings{readPreference=primary, writeConcern=WriteConcern{w=majority, wTimeout=null ms, journal=null}, retryWrites=true, retryReads=true, readConcern=ReadConcern{level=null}, credential=MongoCredential{mechanism=null, userName='udaykumarkella67', source='admin', password=<hidden>, mechanismProperties=<hidden>}, transportSettings=null, commandListeners=[], codecRegistry=ProvidersCodecRegistry{codecProviders=[ValueCodecProvider{}, BsonValueCodecProvider{}, DBRefCodecProvider{}, DBObjectCodecProvider{}, DocumentCodecProvider{}, CollectionCodecProvider{}, IterableCodecProvider{}, MapCodecProvider{}, GeoJsonCodecProvider{}, GridFSFileCodecProvider{}, Jsr310CodecProvider{}, JsonObjectCodecProvider{}, BsonCodecProvider{}, EnumCodecProvider{}, com.mongodb.client.model.mql.ExpressionCodecProvider@70997a94, com.mongodb.Jep395RecordCodecProvider@61f377d1, com.mongodb.KotlinCodecProvider@6c538eb2]}, loggerSettings=LoggerSettings{maxDocumentLength=1000}, clusterSettings={hosts=[127.0.0.1:27017], srvHost=cluster0.wwn8ujw.mongodb.net, srvServiceName=mongodb, mode=MULTIPLE, requiredClusterType=REPLICA_SET, requiredReplicaSetName='atlas-oar7g5-shard-0', serverSelector='null', clusterListeners='[]', serverSelectionTimeout='30000 ms', localThreshold='15 ms'}, socketSettings=SocketSettings{connectTimeoutMS=10000, readTimeoutMS=0, receiveBufferSize=0, proxySettings=ProxySettings{host=null, port=null, username=null, password=null}}, heartbeatSocketSettings=SocketSettings{connectTimeoutMS=10000, readTimeoutMS=10000, receiveBufferSize=0, proxySettings=ProxySettings{host=null, port=null, username=null, password=null}}, connectionPoolSettings=ConnectionPoolSettings{maxSize=100, minSize=0, maxWaitTimeMS=120000, maxConnectionLifeTimeMS=0, maxConnectionIdleTimeMS=0, maintenanceInitialDelayMS=0, maintenanceFrequencyMS=60000, connectionPoolListeners=[], maxConnecting=2}, serverSettings=ServerSettings{heartbeatFrequencyMS=10000, minHeartbeatFrequencyMS=500, serverMonitoringMode=AUTO, serverListeners='[]', serverMonitorListeners='[]'}, sslSettings=SslSettings{enabled=true, invalidHostNameAllowed=false, context=null}, applicationName='Cluster0', compressorList=[], uuidRepresentation=JAVA_LEGACY, serverApi=null, autoEncryptionSettings=null, dnsClient=null, inetAddressResolver=null, contextProvider=null, timeoutMS=null}
12:28:19.345 [cluster-ClusterId{value='68cfa20b2f3cb96d974e4901', description='Cluster0'}-srv-cluster0.wwn8ujw.mongodb.net] INFO  org.mongodb.driver.cluster - Adding discovered server ac-rutjswb-shard-00-00.wwn8ujw.mongodb.net:27017 to client view of cluster
12:28:19.349 [cluster-ClusterId{value='68cfa20b2f3cb96d974e4901', description='Cluster0'}-srv-cluster0.wwn8ujw.mongodb.net] INFO  org.mongodb.driver.cluster - Adding discovered server ac-rutjswb-shard-00-01.wwn8ujw.mongodb.net:27017 to client view of cluster
12:28:19.738 [main] INFO  org.mongodb.driver.cluster - Waiting for server to become available for operation with ID 5. Remaining time: 29990 ms. Selector: WritableServerSelector, topology description: {type=REPLICA_SET, servers=[{address=ac-rutjswb-shard-00-00.wwn8ujw.mongodb.net:27017, type=UNKNOWN, state=CONNECTING}, {address=ac-rutjswb-shard-00-01.wwn8ujw.mongodb.net:27017, type=UNKNOWN, state=CONNECTING}, {address=ac-rutjswb-shard-00-02.wwn8ujw.mongodb.net:27017, type=UNKNOWN, state=CONNECTING}].
12:28:20.029 [cluster-ClusterId{value='68cfa20b2f3cb96d974e4901', description='Cluster0'}-ac-rutjswb-shard-00-00.wwn8ujw.mongodb.net:27017] INFO  org.mongodb.driver.cluster - Monitor thread successfully connected to server with description ServerDescription{address=ac-rutjswb-shard-00-00.wwn8ujw.mongodb.net:27017, type=REPLICA_SET_SECONDARY, cryptd=false, state=CONNECTED, ok=true, minWireVersion=0, maxWireVersion=25, maxDocumentSize=16777216, logicalSessionTimeoutMinutes=30, roundTripTimeNanos=353375100, minRoundTripTimeNanos=0, setName='atlas-oar7g5-shard-0', canonicalAddress=ac-rutjswb-shard-00-00.wwn8ujw.mongodb.net:27017, hosts=[ac-rutjswb-shard-00-00.wwn8ujw.mongodb.net:27017, ac-rutjswb-shard-00-01.wwn8ujw.mongodb.net:27017, ac-rutjswb-shard-00-02.wwn8ujw.mongodb.net:27017], passives=[], arbiters=[], primary='ac-rutjswb-shard-00-01.wwn8ujw.mongodb.net:27017', tagSet=TagSet{[Tag{name='availabilityZone', value='aps1-az1'}, Tag{name='diskState', value='READY'}, Tag{name='nodeType', value='ELECTABLE'}, Tag{name='provider', value='AWS'}, Tag{name='region', value='AP_SOUTH_1'}, Tag{name='workloadType', value='OPERATIONAL'}]}, electionId=null, setVersion=268, topologyVersion=TopologyVersion{processId=68ccf63596d4f8b8c053ec7d, counter=5}, lastWriteDate=Sun Sep 21 12:28:19 IST 2025, lastUpdateTimeNanos=340093436339000}
12:28:20.031 [cluster-ClusterId{value='68cfa20b2f3cb96d974e4901', description='Cluster0'}-ac-rutjswb-shard-00-02.wwn8ujw.mongodb.net:27017] INFO  org.mongodb.driver.cluster - Monitor thread successfully connected to server with description ServerDescription{address=ac-rutjswb-shard-00-02.wwn8ujw.mongodb.net:27017, type=REPLICA_SET_SECONDARY, cryptd=false, state=CONNECTED, ok=true, minWireVersion=0, maxWireVersion=25, maxDocumentSize=16777216, logicalSessionTimeoutMinutes=30, roundTripTimeNanos=367366600, minRoundTripTimeNanos=0, setName='atlas-oar7g5-shard-0', canonicalAddress=ac-rutjswb-shard-00-02.wwn8ujw.mongodb.net:27017, hosts=[ac-rutjswb-shard-00-00.wwn8ujw.mongodb.net:27017, ac-rutjswb-shard-00-01.wwn8ujw.mongodb.net:27017, ac-rutjswb-shard-00-02.wwn8ujw.mongodb.net:27017], passives=[], arbiters=[], primary='ac-rutjswb-shard-00-01.wwn8ujw.mongodb.net:27017', tagSet=TagSet{[Tag{name='availabilityZone', value='aps1-az2'}, Tag{name='diskState', value='READY'}, Tag{name='nodeType', value='ELECTABLE'}, Tag{name='provider', value='AWS'}, Tag{name='region', value='AP_SOUTH_1'}, Tag{name='workloadType', value='OPERATIONAL'}]}, electionId=null, setVersion=268, topologyVersion=TopologyVersion{processId=68ccf7b783ae840f183804bd, counter=5}, lastWriteDate=Sun Sep 21 12:28:19 IST 2025, lastUpdateTimeNanos=340093448562100}
12:28:20.029 [cluster-ClusterId{value='68cfa20b2f3cb96d974e4901', description='Cluster0'}-ac-rutjswb-shard-00-01.wwn8ujw.mongodb.net:27017] INFO  org.mongodb.driver.cluster - Monitor thread successfully connected to server with description ServerDescription{address=ac-rutjswb-shard-00-01.wwn8ujw.mongodb.net:27017, type=REPLICA_SET_PRIMARY, cryptd=false, state=CONNECTED, ok=true, minWireVersion=0, maxWireVersion=25, maxDocumentSize=16777216, logicalSessionTimeoutMinutes=30, roundTripTimeNanos=357418200, minRoundTripTimeNanos=0, setName='atlas-oar7g5-shard-0', canonicalAddress=ac-rutjswb-shard-00-01.wwn8ujw.mongodb.net:27017, hosts=[ac-rutjswb-shard-00-00.wwn8ujw.mongodb.net:27017, ac-rutjswb-shard-00-01.wwn8ujw.mongodb.net:27017, ac-rutjswb-shard-00-02.wwn8ujw.mongodb.net:27017], passives=[], arbiters=[], primary='ac-rutjswb-shard-00-01.wwn8ujw.mongodb.net:27017', tagSet=TagSet{[Tag{name='availabilityZone', value='aps1-az3'}, Tag{name='diskState', value='READY'}, Tag{name='nodeType', value='ELECTABLE'}, Tag{name='provider', value='AWS'}, Tag{name='region', value='AP_SOUTH_1'}, Tag{name='workloadType', value='OPERATIONAL'}]}, electionId=7fffffff00000000000000fa, setVersion=268, topologyVersion=TopologyVersion{processId=68ccf523720c593e8e5b24bb, counter=9}, lastWriteDate=Sun Sep 21 12:28:19 IST 2025, lastUpdateTimeNanos=340093436339000}
12:28:20.068 [cluster-ClusterId{value='68cfa20b2f3cb96d974e4901', description='Cluster0'}-ac-rutjswb-shard-00-01.wwn8ujw.mongodb.net:27017] INFO  org.mongodb.driver.cluster - Discovered replica set primary ac-rutjswb-shard-00-01.wwn8ujw.mongodb.net:27017 with max election id 7fffffff00000000000000fa and max set version 268
12:28:20.799 [main] INFO  o.s.s.c.a.a.c.InitializeUserDetailsBeanManagerConfigurer$InitializeUserDetailsManagerConfigurer - Global AuthenticationManager configured with UserDetailsService bean with name userDetailsServiceImpl
12:28:21.116 [main] INFO  o.a.coyote.http11.Http11NioProtocol - Starting ProtocolHandler ["http-nio-8080"]
12:28:21.131 [main] INFO  o.s.b.w.e.tomcat.TomcatWebServer - Tomcat started on port 8080 (http) with context path '/'
12:28:21.140 [main] INFO  c.w.uniqueApp.JournalApplication - Started JournalApplication in 4.441 seconds (process running for 5.229)
12:29:36.830 [http-nio-8080-exec-3] INFO  o.a.c.c.C.[Tomcat].[localhost].[/] - Initializing Spring DispatcherServlet 'dispatcherServlet'
12:29:36.831 [http-nio-8080-exec-3] INFO  o.s.web.servlet.DispatcherServlet - Initializing Servlet 'dispatcherServlet'
12:29:36.840 [http-nio-8080-exec-3] INFO  o.s.web.servlet.DispatcherServlet - Completed initialization in 8 ms
12:33:48.321 [http-nio-8080-exec-6] INFO  c.w.uniqueApp.service.UserService - ...Info logger
12:33:48.326 [http-nio-8080-exec-6] ERROR c.w.uniqueApp.service.UserService - Error occurred for ravi:
org.springframework.dao.DuplicateKeyException: Write operation error on server ac-rutjswb-shard-00-01.wwn8ujw.mongodb.net:27017. Write error: WriteError{code=11000, message='E11000 duplicate key error collection: journaldb.users index: userName dup key: { userName: "ravi" }', details={}}.
	at org.springframework.data.mongodb.core.MongoExceptionTranslator.doTranslateException(MongoExceptionTranslator.java:108)
	at org.springframework.data.mongodb.core.MongoExceptionTranslator.translateExceptionIfPossible(MongoExceptionTranslator.java:74)
	at org.springframework.data.mongodb.core.MongoTemplate.potentiallyConvertRuntimeException(MongoTemplate.java:3033)
	at org.springframework.data.mongodb.core.MongoTemplate.execute(MongoTemplate.java:609)
	at org.springframework.data.mongodb.core.MongoTemplate.insertDocument(MongoTemplate.java:1558)
	at org.springframework.data.mongodb.core.MongoTemplate.doInsert(MongoTemplate.java:1356)
	at org.springframework.data.mongodb.core.MongoTemplate.insert(MongoTemplate.java:1282)
	at org.springframework.data.mongodb.repository.support.SimpleMongoRepository.save(SimpleMongoRepository.java:98)
	at java.base/jdk.internal.reflect.DirectMethodHandleAccessor.invoke(DirectMethodHandleAccessor.java:103)
	at java.base/java.lang.reflect.Method.invoke(Method.java:580)
	at org.springframework.aop.support.AopUtils.invokeJoinpointUsingReflection(AopUtils.java:359)
	at org.springframework.data.repository.core.support.RepositoryMethodInvoker$RepositoryFragmentMethodInvoker.lambda$new$0(RepositoryMethodInvoker.java:277)
	at org.springframework.data.repository.core.support.RepositoryMethodInvoker.doInvoke(RepositoryMethodInvoker.java:170)
	at org.springframework.data.repository.core.support.RepositoryMethodInvoker.invoke(RepositoryMethodInvoker.java:158)
	at org.springframework.data.repository.core.support.RepositoryComposition$RepositoryFragments.invoke(RepositoryComposition.java:515)
	at org.springframework.data.repository.core.support.RepositoryComposition.invoke(RepositoryComposition.java:284)
	at org.springframework.data.repository.core.support.RepositoryFactorySupport$ImplementationMethodExecutionInterceptor.invoke(RepositoryFactorySupport.java:734)
	at org.springframework.aop.framework.ReflectiveMethodInvocation.proceed(ReflectiveMethodInvocation.java:184)
	at org.springframework.data.repository.core.support.QueryExecutorMethodInterceptor.doInvoke(QueryExecutorMethodInterceptor.java:174)
	at org.springframework.data.repository.core.support.QueryExecutorMethodInterceptor.invoke(QueryExecutorMethodInterceptor.java:149)
	at org.springframework.aop.framework.ReflectiveMethodInvocation.proceed(ReflectiveMethodInvocation.java:184)
	at org.springframework.data.projection.DefaultMethodInvokingMethodInterceptor.invoke(DefaultMethodInvokingMethodInterceptor.java:69)
	at org.springframework.aop.framework.ReflectiveMethodInvocation.proceed(ReflectiveMethodInvocation.java:184)
	at org.springframework.data.mongodb.repository.support.CrudMethodMetadataPostProcessor$CrudMethodMetadataPopulatingMethodInterceptor.invoke(CrudMethodMetadataPostProcessor.java:158)
	at org.springframework.aop.framework.ReflectiveMethodInvocation.proceed(ReflectiveMethodInvocation.java:184)
	at org.springframework.aop.framework.JdkDynamicAopProxy.invoke(JdkDynamicAopProxy.java:223)
	at jdk.proxy2/jdk.proxy2.$Proxy74.save(Unknown Source)
	at com.webCof.uniqueApp.service.UserService.saveNewUser(UserService.java:40)
	at com.webCof.uniqueApp.controller.PublicController.createUser(PublicController.java:24)
	at java.base/jdk.internal.reflect.DirectMethodHandleAccessor.invoke(DirectMethodHandleAccessor.java:103)
	at java.base/java.lang.reflect.Method.invoke(Method.java:580)
	at org.springframework.web.method.support.InvocableHandlerMethod.doInvoke(InvocableHandlerMethod.java:258)
	at org.springframework.web.method.support.InvocableHandlerMethod.invokeForRequest(InvocableHandlerMethod.java:191)
	at org.springframework.web.servlet.mvc.method.annotation.ServletInvocableHandlerMethod.invokeAndHandle(ServletInvocableHandlerMethod.java:118)
	at org.springframework.web.servlet.mvc.method.annotation.RequestMappingHandlerAdapter.invokeHandlerMethod(RequestMappingHandlerAdapter.java:986)
	at org.springframework.web.servlet.mvc.method.annotation.RequestMappingHandlerAdapter.handleInternal(RequestMappingHandlerAdapter.java:891)
	at org.springframework.web.servlet.mvc.method.AbstractHandlerMethodAdapter.handle(AbstractHandlerMethodAdapter.java:87)
	at org.springframework.web.servlet.DispatcherServlet.doDispatch(DispatcherServlet.java:1089)
	at org.springframework.web.servlet.DispatcherServlet.doService(DispatcherServlet.java:979)
	at org.springframework.web.servlet.FrameworkServlet.processRequest(FrameworkServlet.java:1014)
	at org.springframework.web.servlet.FrameworkServlet.doPost(FrameworkServlet.java:914)
	at jakarta.servlet.http.HttpServlet.service(HttpServlet.java:590)
	at org.springframework.web.servlet.FrameworkServlet.service(FrameworkServlet.java:885)
	at jakarta.servlet.http.HttpServlet.service(HttpServlet.java:658)
	at org.apache.catalina.core.ApplicationFilterChain.internalDoFilter(ApplicationFilterChain.java:195)
	at org.apache.catalina.core.ApplicationFilterChain.doFilter(ApplicationFilterChain.java:140)
	at org.apache.tomcat.websocket.server.WsFilter.doFilter(WsFilter.java:51)
	at org.apache.catalina.core.ApplicationFilterChain.internalDoFilter(ApplicationFilterChain.java:164)
	at org.apache.catalina.core.ApplicationFilterChain.doFilter(ApplicationFilterChain.java:140)
	at org.springframework.web.filter.CompositeFilter$VirtualFilterChain.doFilter(CompositeFilter.java:108)
	at org.springframework.web.filter.CompositeFilter$VirtualFilterChain.doFilter(CompositeFilter.java:108)
	at org.springframework.security.web.FilterChainProxy.lambda$doFilterInternal$3(FilterChainProxy.java:231)
	at org.springframework.security.web.FilterChainProxy$VirtualFilterChain.doFilter(FilterChainProxy.java:365)
	at org.springframework.security.web.access.intercept.AuthorizationFilter.doFilter(AuthorizationFilter.java:101)
	at org.springframework.security.web.FilterChainProxy$VirtualFilterChain.doFilter(FilterChainProxy.java:374)
	at org.springframework.security.web.access.ExceptionTranslationFilter.doFilter(ExceptionTranslationFilter.java:125)
	at org.springframework.security.web.access.ExceptionTranslationFilter.doFilter(ExceptionTranslationFilter.java:119)
	at org.springframework.security.web.FilterChainProxy$VirtualFilterChain.doFilter(FilterChainProxy.java:374)
	at org.springframework.security.web.authentication.AnonymousAuthenticationFilter.doFilter(AnonymousAuthenticationFilter.java:100)
	at org.springframework.security.web.FilterChainProxy$VirtualFilterChain.doFilter(FilterChainProxy.java:374)
	at org.springframework.security.web.servletapi.SecurityContextHolderAwareRequestFilter.doFilter(SecurityContextHolderAwareRequestFilter.java:179)
	at org.springframework.security.web.FilterChainProxy$VirtualFilterChain.doFilter(FilterChainProxy.java:374)
	at org.springframework.security.web.savedrequest.RequestCacheAwareFilter.doFilter(RequestCacheAwareFilter.java:63)
	at org.springframework.security.web.FilterChainProxy$VirtualFilterChain.doFilter(FilterChainProxy.java:374)
	at org.springframework.security.web.authentication.www.BasicAuthenticationFilter.doFilterInternal(BasicAuthenticationFilter.java:181)
	at org.springframework.web.filter.OncePerRequestFilter.doFilter(OncePerRequestFilter.java:116)
	at org.springframework.security.web.FilterChainProxy$VirtualFilterChain.doFilter(FilterChainProxy.java:374)
	at org.springframework.security.web.authentication.logout.LogoutFilter.doFilter(LogoutFilter.java:107)
	at org.springframework.security.web.authentication.logout.LogoutFilter.doFilter(LogoutFilter.java:93)
	at org.springframework.security.web.FilterChainProxy$VirtualFilterChain.doFilter(FilterChainProxy.java:374)
	at org.springframework.security.web.header.HeaderWriterFilter.doHeadersAfter(HeaderWriterFilter.java:90)
	at org.springframework.security.web.header.HeaderWriterFilter.doFilterInternal(HeaderWriterFilter.java:75)
	at org.springframework.web.filter.OncePerRequestFilter.doFilter(OncePerRequestFilter.java:116)
	at org.springframework.security.web.FilterChainProxy$VirtualFilterChain.doFilter(FilterChainProxy.java:374)
	at org.springframework.security.web.context.SecurityContextHolderFilter.doFilter(SecurityContextHolderFilter.java:82)
	at org.springframework.security.web.context.SecurityContextHolderFilter.doFilter(SecurityContextHolderFilter.java:69)
	at org.springframework.security.web.FilterChainProxy$VirtualFilterChain.doFilter(FilterChainProxy.java:374)
	at org.springframework.security.web.context.request.async.WebAsyncManagerIntegrationFilter.doFilterInternal(WebAsyncManagerIntegrationFilter.java:62)
	at org.springframework.web.filter.OncePerRequestFilter.doFilter(OncePerRequestFilter.java:116)
	at org.springframework.security.web.FilterChainProxy$VirtualFilterChain.doFilter(FilterChainProxy.java:374)
	at org.springframework.security.web.session.DisableEncodeUrlFilter.doFilterInternal(DisableEncodeUrlFilter.java:42)
	at org.springframework.web.filter.OncePerRequestFilter.doFilter(OncePerRequestFilter.java:116)
	at org.springframework.security.web.FilterChainProxy$VirtualFilterChain.doFilter(FilterChainProxy.java:374)
	at org.springframework.security.web.FilterChainProxy.doFilterInternal(FilterChainProxy.java:233)
	at org.springframework.security.web.FilterChainProxy.doFilter(FilterChainProxy.java:191)
	at org.springframework.web.filter.CompositeFilter$VirtualFilterChain.doFilter(CompositeFilter.java:113)
	at org.springframework.web.filter.ServletRequestPathFilter.doFilter(ServletRequestPathFilter.java:52)
	at org.springframework.web.filter.CompositeFilter$VirtualFilterChain.doFilter(CompositeFilter.java:113)
	at org.springframework.web.filter.CompositeFilter.doFilter(CompositeFilter.java:74)
	at org.springframework.security.config.annotation.web.configuration.WebSecurityConfiguration$CompositeFilterChainProxy.doFilter(WebSecurityConfiguration.java:319)
	at org.springframework.web.filter.CompositeFilter$VirtualFilterChain.doFilter(CompositeFilter.java:113)
	at org.springframework.web.servlet.handler.HandlerMappingIntrospector.lambda$createCacheFilter$4(HandlerMappingIntrospector.java:267)
	at org.springframework.web.filter.CompositeFilter$VirtualFilterChain.doFilter(CompositeFilter.java:113)
	at org.springframework.web.filter.CompositeFilter.doFilter(CompositeFilter.java:74)
	at org.springframework.security.config.annotation.web.configuration.WebMvcSecurityConfiguration$CompositeFilterChainProxy.doFilter(WebMvcSecurityConfiguration.java:240)
	at org.springframework.web.filter.DelegatingFilterProxy.invokeDelegate(DelegatingFilterProxy.java:362)
	at org.springframework.web.filter.DelegatingFilterProxy.doFilter(DelegatingFilterProxy.java:278)
	at org.apache.catalina.core.ApplicationFilterChain.internalDoFilter(ApplicationFilterChain.java:164)
	at org.apache.catalina.core.ApplicationFilterChain.doFilter(ApplicationFilterChain.java:140)
	at org.springframework.web.filter.RequestContextFilter.doFilterInternal(RequestContextFilter.java:100)
	at org.springframework.web.filter.OncePerRequestFilter.doFilter(OncePerRequestFilter.java:116)
	at org.apache.catalina.core.ApplicationFilterChain.internalDoFilter(ApplicationFilterChain.java:164)
	at org.apache.catalina.core.ApplicationFilterChain.doFilter(ApplicationFilterChain.java:140)
	at org.springframework.web.filter.FormContentFilter.doFilterInternal(FormContentFilter.java:93)
	at org.springframework.web.filter.OncePerRequestFilter.doFilter(OncePerRequestFilter.java:116)
	at org.apache.catalina.core.ApplicationFilterChain.internalDoFilter(ApplicationFilterChain.java:164)
	at org.apache.catalina.core.ApplicationFilterChain.doFilter(ApplicationFilterChain.java:140)
	at org.springframework.web.filter.CharacterEncodingFilter.doFilterInternal(CharacterEncodingFilter.java:201)
	at org.springframework.web.filter.OncePerRequestFilter.doFilter(OncePerRequestFilter.java:116)
	at org.apache.catalina.core.ApplicationFilterChain.internalDoFilter(ApplicationFilterChain.java:164)
	at org.apache.catalina.core.ApplicationFilterChain.doFilter(ApplicationFilterChain.java:140)
	at org.apache.catalina.core.StandardWrapperValve.invoke(StandardWrapperValve.java:167)
	at org.apache.catalina.core.StandardContextValve.invoke(StandardContextValve.java:90)
	at org.apache.catalina.authenticator.AuthenticatorBase.invoke(AuthenticatorBase.java:483)
	at org.apache.catalina.core.StandardHostValve.invoke(StandardHostValve.java:116)
	at org.apache.catalina.valves.ErrorReportValve.invoke(ErrorReportValve.java:93)
	at org.apache.catalina.core.StandardEngineValve.invoke(StandardEngineValve.java:74)
	at org.apache.catalina.connector.CoyoteAdapter.service(CoyoteAdapter.java:344)
	at org.apache.coyote.http11.Http11Processor.service(Http11Processor.java:398)
	at org.apache.coyote.AbstractProcessorLight.process(AbstractProcessorLight.java:63)
	at org.apache.coyote.AbstractProtocol$ConnectionHandler.process(AbstractProtocol.java:903)
	at org.apache.tomcat.util.net.NioEndpoint$SocketProcessor.doRun(NioEndpoint.java:1769)
	at org.apache.tomcat.util.net.SocketProcessorBase.run(SocketProcessorBase.java:52)
	at org.apache.tomcat.util.threads.ThreadPoolExecutor.runWorker(ThreadPoolExecutor.java:1189)
	at org.apache.tomcat.util.threads.ThreadPoolExecutor$Worker.run(ThreadPoolExecutor.java:658)
	at org.apache.tomcat.util.threads.TaskThread$WrappingRunnable.run(TaskThread.java:63)
	at java.base/java.lang.Thread.run(Thread.java:1570)
Caused by: com.mongodb.MongoWriteException: Write operation error on server ac-rutjswb-shard-00-01.wwn8ujw.mongodb.net:27017. Write error: WriteError{code=11000, message='E11000 duplicate key error collection: journaldb.users index: userName dup key: { userName: "ravi" }', details={}}.
	at com.mongodb.client.internal.MongoCollectionImpl.executeSingleWriteRequest(MongoCollectionImpl.java:1123)
	at com.mongodb.client.internal.MongoCollectionImpl.executeInsertOne(MongoCollectionImpl.java:498)
	at com.mongodb.client.internal.MongoCollectionImpl.insertOne(MongoCollectionImpl.java:481)
	at com.mongodb.client.internal.MongoCollectionImpl.insertOne(MongoCollectionImpl.java:475)
	at org.springframework.data.mongodb.core.MongoTemplate.lambda$insertDocument$17(MongoTemplate.java:1564)
	at org.springframework.data.mongodb.core.MongoTemplate.execute(MongoTemplate.java:607)
	... 123 common frames omitted
12:33:48.345 [http-nio-8080-exec-6] WARN  c.w.uniqueApp.service.UserService - ....warn
12:34:16.490 [SpringApplicationShutdownHook] INFO  o.s.b.w.e.tomcat.GracefulShutdown - Commencing graceful shutdown. Waiting for active requests to complete
12:34:16.500 [tomcat-shutdown] INFO  o.s.b.w.e.tomcat.GracefulShutdown - Graceful shutdown complete
