15:01:56.958 [cluster-ClusterId{value='69047ac12c57c642e0993f01', description='Cluster0'}-ac-rutjswb-shard-00-00.wwn8ujw.mongodb.net:27017] INFO  org.mongodb.driver.cluster - Exception in monitor thread while connecting to server ac-rutjswb-shard-00-00.wwn8ujw.mongodb.net:27017
com.mongodb.MongoSocketReadException: Exception receiving message
	at com.mongodb.internal.connection.InternalStreamConnection.translateReadException(InternalStreamConnection.java:809)
	at com.mongodb.internal.connection.InternalStreamConnection.receiveResponseBuffers(InternalStreamConnection.java:857)
	at com.mongodb.internal.connection.InternalStreamConnection.receiveCommandMessageResponse(InternalStreamConnection.java:517)
	at com.mongodb.internal.connection.InternalStreamConnection.receive(InternalStreamConnection.java:469)
	at com.mongodb.internal.connection.DefaultServerMonitor$ServerMonitor.lookupServerDescription(DefaultServerMonitor.java:249)
	at com.mongodb.internal.connection.DefaultServerMonitor$ServerMonitor.run(DefaultServerMonitor.java:176)
Caused by: java.net.SocketException: Connection reset
	at java.base/sun.nio.ch.NioSocketImpl.implRead(NioSocketImpl.java:318)
	at java.base/sun.nio.ch.NioSocketImpl.read(NioSocketImpl.java:346)
	at java.base/sun.nio.ch.NioSocketImpl$1.read(NioSocketImpl.java:796)
	at java.base/java.net.Socket$SocketInputStream.read(Socket.java:1099)
	at java.base/sun.security.ssl.SSLSocketInputRecord.read(SSLSocketInputRecord.java:489)
	at java.base/sun.security.ssl.SSLSocketInputRecord.readHeader(SSLSocketInputRecord.java:483)
	at java.base/sun.security.ssl.SSLSocketInputRecord.bytesInCompletePacket(SSLSocketInputRecord.java:70)
	at java.base/sun.security.ssl.SSLSocketImpl.readApplicationRecord(SSLSocketImpl.java:1461)
	at java.base/sun.security.ssl.SSLSocketImpl$AppInputStream.read(SSLSocketImpl.java:1066)
	at com.mongodb.internal.connection.SocketStream.read(SocketStream.java:182)
	at com.mongodb.internal.connection.InternalStreamConnection.receiveResponseBuffers(InternalStreamConnection.java:824)
	... 4 common frames omitted
15:01:56.958 [cluster-ClusterId{value='69047ac12c57c642e0993f01', description='Cluster0'}-ac-rutjswb-shard-00-02.wwn8ujw.mongodb.net:27017] INFO  org.mongodb.driver.cluster - Exception in monitor thread while connecting to server ac-rutjswb-shard-00-02.wwn8ujw.mongodb.net:27017
com.mongodb.MongoSocketReadException: Exception receiving message
	at com.mongodb.internal.connection.InternalStreamConnection.translateReadException(InternalStreamConnection.java:809)
	at com.mongodb.internal.connection.InternalStreamConnection.receiveResponseBuffers(InternalStreamConnection.java:857)
	at com.mongodb.internal.connection.InternalStreamConnection.receiveCommandMessageResponse(InternalStreamConnection.java:517)
	at com.mongodb.internal.connection.InternalStreamConnection.receive(InternalStreamConnection.java:469)
	at com.mongodb.internal.connection.DefaultServerMonitor$ServerMonitor.lookupServerDescription(DefaultServerMonitor.java:249)
	at com.mongodb.internal.connection.DefaultServerMonitor$ServerMonitor.run(DefaultServerMonitor.java:176)
Caused by: java.net.SocketException: Connection reset
	at java.base/sun.nio.ch.NioSocketImpl.implRead(NioSocketImpl.java:318)
	at java.base/sun.nio.ch.NioSocketImpl.read(NioSocketImpl.java:346)
	at java.base/sun.nio.ch.NioSocketImpl$1.read(NioSocketImpl.java:796)
	at java.base/java.net.Socket$SocketInputStream.read(Socket.java:1099)
	at java.base/sun.security.ssl.SSLSocketInputRecord.read(SSLSocketInputRecord.java:489)
	at java.base/sun.security.ssl.SSLSocketInputRecord.readHeader(SSLSocketInputRecord.java:483)
	at java.base/sun.security.ssl.SSLSocketInputRecord.bytesInCompletePacket(SSLSocketInputRecord.java:70)
	at java.base/sun.security.ssl.SSLSocketImpl.readApplicationRecord(SSLSocketImpl.java:1461)
	at java.base/sun.security.ssl.SSLSocketImpl$AppInputStream.read(SSLSocketImpl.java:1066)
	at com.mongodb.internal.connection.SocketStream.read(SocketStream.java:182)
	at com.mongodb.internal.connection.InternalStreamConnection.receiveResponseBuffers(InternalStreamConnection.java:824)
	... 4 common frames omitted
15:01:56.958 [cluster-ClusterId{value='69047ac12c57c642e0993f01', description='Cluster0'}-ac-rutjswb-shard-00-01.wwn8ujw.mongodb.net:27017] INFO  org.mongodb.driver.cluster - Exception in monitor thread while connecting to server ac-rutjswb-shard-00-01.wwn8ujw.mongodb.net:27017
com.mongodb.MongoSocketReadException: Exception receiving message
	at com.mongodb.internal.connection.InternalStreamConnection.translateReadException(InternalStreamConnection.java:809)
	at com.mongodb.internal.connection.InternalStreamConnection.receiveResponseBuffers(InternalStreamConnection.java:857)
	at com.mongodb.internal.connection.InternalStreamConnection.receiveCommandMessageResponse(InternalStreamConnection.java:517)
	at com.mongodb.internal.connection.InternalStreamConnection.receive(InternalStreamConnection.java:469)
	at com.mongodb.internal.connection.DefaultServerMonitor$ServerMonitor.lookupServerDescription(DefaultServerMonitor.java:249)
	at com.mongodb.internal.connection.DefaultServerMonitor$ServerMonitor.run(DefaultServerMonitor.java:176)
Caused by: java.net.SocketException: Connection reset
	at java.base/sun.nio.ch.NioSocketImpl.implRead(NioSocketImpl.java:318)
	at java.base/sun.nio.ch.NioSocketImpl.read(NioSocketImpl.java:346)
	at java.base/sun.nio.ch.NioSocketImpl$1.read(NioSocketImpl.java:796)
	at java.base/java.net.Socket$SocketInputStream.read(Socket.java:1099)
	at java.base/sun.security.ssl.SSLSocketInputRecord.read(SSLSocketInputRecord.java:489)
	at java.base/sun.security.ssl.SSLSocketInputRecord.readHeader(SSLSocketInputRecord.java:483)
	at java.base/sun.security.ssl.SSLSocketInputRecord.bytesInCompletePacket(SSLSocketInputRecord.java:70)
	at java.base/sun.security.ssl.SSLSocketImpl.readApplicationRecord(SSLSocketImpl.java:1461)
	at java.base/sun.security.ssl.SSLSocketImpl$AppInputStream.read(SSLSocketImpl.java:1066)
	at com.mongodb.internal.connection.SocketStream.read(SocketStream.java:182)
	at com.mongodb.internal.connection.InternalStreamConnection.receiveResponseBuffers(InternalStreamConnection.java:824)
	... 4 common frames omitted
15:01:58.949 [cluster-ClusterId{value='69047ac12c57c642e0993f01', description='Cluster0'}-ac-rutjswb-shard-00-02.wwn8ujw.mongodb.net:27017] INFO  org.mongodb.driver.cluster - Monitor thread successfully connected to server with description ServerDescription{address=ac-rutjswb-shard-00-02.wwn8ujw.mongodb.net:27017, type=REPLICA_SET_PRIMARY, cryptd=false, state=CONNECTED, ok=true, minWireVersion=0, maxWireVersion=25, maxDocumentSize=16777216, logicalSessionTimeoutMinutes=30, roundTripTimeNanos=245911900, minRoundTripTimeNanos=0, setName='atlas-oar7g5-shard-0', canonicalAddress=ac-rutjswb-shard-00-02.wwn8ujw.mongodb.net:27017, hosts=[ac-rutjswb-shard-00-00.wwn8ujw.mongodb.net:27017, ac-rutjswb-shard-00-01.wwn8ujw.mongodb.net:27017, ac-rutjswb-shard-00-02.wwn8ujw.mongodb.net:27017], passives=[], arbiters=[], primary='ac-rutjswb-shard-00-02.wwn8ujw.mongodb.net:27017', tagSet=TagSet{[Tag{name='availabilityZone', value='aps1-az2'}, Tag{name='diskState', value='READY'}, Tag{name='nodeType', value='ELECTABLE'}, Tag{name='provider', value='AWS'}, Tag{name='region', value='AP_SOUTH_1'}, Tag{name='workloadType', value='OPERATIONAL'}]}, electionId=7fffffff0000000000000101, setVersion=271, topologyVersion=TopologyVersion{processId=68f906431eba0dc756a5af77, counter=6}, lastWriteDate=Fri Oct 31 15:01:58 IST 2025, lastUpdateTimeNanos=447398241721100}
15:01:58.949 [cluster-ClusterId{value='69047ac12c57c642e0993f01', description='Cluster0'}-ac-rutjswb-shard-00-01.wwn8ujw.mongodb.net:27017] INFO  org.mongodb.driver.cluster - Monitor thread successfully connected to server with description ServerDescription{address=ac-rutjswb-shard-00-01.wwn8ujw.mongodb.net:27017, type=REPLICA_SET_SECONDARY, cryptd=false, state=CONNECTED, ok=true, minWireVersion=0, maxWireVersion=25, maxDocumentSize=16777216, logicalSessionTimeoutMinutes=30, roundTripTimeNanos=239147200, minRoundTripTimeNanos=0, setName='atlas-oar7g5-shard-0', canonicalAddress=ac-rutjswb-shard-00-01.wwn8ujw.mongodb.net:27017, hosts=[ac-rutjswb-shard-00-00.wwn8ujw.mongodb.net:27017, ac-rutjswb-shard-00-01.wwn8ujw.mongodb.net:27017, ac-rutjswb-shard-00-02.wwn8ujw.mongodb.net:27017], passives=[], arbiters=[], primary='ac-rutjswb-shard-00-02.wwn8ujw.mongodb.net:27017', tagSet=TagSet{[Tag{name='availabilityZone', value='aps1-az3'}, Tag{name='diskState', value='READY'}, Tag{name='nodeType', value='ELECTABLE'}, Tag{name='provider', value='AWS'}, Tag{name='region', value='AP_SOUTH_1'}, Tag{name='workloadType', value='OPERATIONAL'}]}, electionId=null, setVersion=271, topologyVersion=TopologyVersion{processId=68f908888795753c74ea308c, counter=3}, lastWriteDate=Fri Oct 31 15:01:58 IST 2025, lastUpdateTimeNanos=447398241721100}
15:01:58.949 [cluster-ClusterId{value='69047ac12c57c642e0993f01', description='Cluster0'}-ac-rutjswb-shard-00-00.wwn8ujw.mongodb.net:27017] INFO  org.mongodb.driver.cluster - Monitor thread successfully connected to server with description ServerDescription{address=ac-rutjswb-shard-00-00.wwn8ujw.mongodb.net:27017, type=REPLICA_SET_SECONDARY, cryptd=false, state=CONNECTED, ok=true, minWireVersion=0, maxWireVersion=25, maxDocumentSize=16777216, logicalSessionTimeoutMinutes=30, roundTripTimeNanos=245920900, minRoundTripTimeNanos=0, setName='atlas-oar7g5-shard-0', canonicalAddress=ac-rutjswb-shard-00-00.wwn8ujw.mongodb.net:27017, hosts=[ac-rutjswb-shard-00-00.wwn8ujw.mongodb.net:27017, ac-rutjswb-shard-00-01.wwn8ujw.mongodb.net:27017, ac-rutjswb-shard-00-02.wwn8ujw.mongodb.net:27017], passives=[], arbiters=[], primary='ac-rutjswb-shard-00-02.wwn8ujw.mongodb.net:27017', tagSet=TagSet{[Tag{name='availabilityZone', value='aps1-az1'}, Tag{name='diskState', value='READY'}, Tag{name='nodeType', value='ELECTABLE'}, Tag{name='provider', value='AWS'}, Tag{name='region', value='AP_SOUTH_1'}, Tag{name='workloadType', value='OPERATIONAL'}]}, electionId=null, setVersion=271, topologyVersion=TopologyVersion{processId=68f903be3387049ac1f4db22, counter=4}, lastWriteDate=Fri Oct 31 15:01:58 IST 2025, lastUpdateTimeNanos=447398241726900}
15:01:58.953 [cluster-ClusterId{value='69047ac12c57c642e0993f01', description='Cluster0'}-ac-rutjswb-shard-00-02.wwn8ujw.mongodb.net:27017] INFO  org.mongodb.driver.cluster - Discovered replica set primary ac-rutjswb-shard-00-02.wwn8ujw.mongodb.net:27017 with max election id 7fffffff0000000000000101 and max set version 271
